    __  ___           _         __  ___                 __  __              
   /  |/  /___ _   __(_)__     /  |/  /___ __________ _/ /_/ /_  ____  ____ 
  / /|_/ / __ \ | / / / _ \   / /|_/ / __ `/ ___/ __ `/ __/ __ \/ __ \/ __ \
 / /  / / /_/ / |/ / /  __/  / /  / / /_/ / /  / /_/ / /_/ / / / /_/ / / / /
/_/  /_/\____/|___/_/\___/  /_/  /_/\__,_/_/   \__,_/\__/_/ /_/\____/_/ /_/ 
                                                                            
You think you know movies more than I do? If you can send me any 5 cast members for each movie that I mention, I'll reward you.
e.g. The Avengers (2012-04-25)
Chris Evans; Robert Downey Jr.; Mark Ruffalo; Chris Hemsworth; Scarlett Johansson


> All About Eve (1950-10-06)
* Bette Davis; Anne Baxter; George Sanders; Celeste Holm; Gary Merrill

> Police Academy 4: Citizens on Patrol (1987-04-02)
Steve Guttenberg; Bubba Smith; Michael Winslow; Sharon Stone; David Graf
* 
> Poltergeist III (1988-06-10)
Tom Skerritt; Nancy Allen; Heather O'Rourke; Lara Flynn Boyle; Kipley Wentz
* 
> Weaponized (2016-03-01)
Tom Sizemore; Mickey Rourke; Taylor Cole; Johnny Messner; Jon Foo
* 
> The Feels (2017-06-09)
Constance Wu; Angela Trimbur; Josh Fadem; Ever Mainard; Káryyn
* 
> Transporter 2 (2005-08-03)
Jason Statham; Amber Valletta; Alessandro Gassman; Kate Nauta; Matthew Modine
* 
> Central Intelligence (2016-06-15)
Kevin Hart; Dwayne Johnson; Amy Ryan; Aaron Paul; Danielle Nicolet
* 
> The Change-Up (2011-08-05)
Jason Bateman; Ryan Reynolds; Leslie Mann; Olivia Wilde; Alan Arkin
* 
> The Silence (2019-05-16)
Stanley Tucci; Kiernan Shipka; Miranda Otto; John Corbett; Kate Trotter
* 
> Scouts Guide to the Zombie Apocalypse (2015-10-23)
Tye Sheridan; Sarah Dumont; Logan Miller; Joey Morgan; David Koechner
* 
> The Other Woman (2014-04-16)
Cameron Diaz; Leslie Mann; Kate Upton; Don Johnson; Nikolaj Coster-Waldau
* 
> Midsommar (2019-07-03)
Florence Pugh; Jack Reynor; William Jackson Harper; Will Poulter; Vilhelm Blomgren
* 
> Bullet to the Head (2013-01-31)
Sylvester Stallone; Sung Kang; Sarah Shahi; Christian Slater; Jon Seda
* 
> Tomb Raider (2018-03-05)
Alicia Vikander; Walton Goggins; Daniel Wu; Dominic West; Kristin Scott Thomas
* 
> How to Train Your Dragon: The Hidden World (2019-01-03)
Jay Baruchel; America Ferrera; F. Murray Abraham; Cate Blanchett; Gerard Butler
* 
> The Man in the Iron Mask (1998-03-12)
Leonardo DiCaprio; Jeremy Irons; Gérard Depardieu; Gabriel Byrne; John Malkovich
* 
> Horrible Bosses 2 (2014-11-26)
Jason Bateman; Jason Sudeikis; Charlie Day; Jennifer Aniston; Kevin Spacey
* 
> The Color Purple (1985-12-18)
Danny Glover; Whoopi Goldberg; Margaret Avery; Oprah Winfrey; Willard E. Pugh
* 
> Undisputed II: Last Man Standing (2006-04-11)
Michael Jai White; Scott Adkins; Ben Cross; Eli Danker; Mark Ivanir
* 
> Radius (2017-07-17)
Diego Klattenhoff; Charlotte Sullivan; Brett Donahue; Bradley Sawatzky; Nazariy Demkowicz
* 
> Bent (2018-03-09)
Karl Urban; Sofía Vergara; Grace Byers; Andy García; Vincent Spano
* 
> Planes: Fire & Rescue (2014-07-17)
Ed Harris; Dane Cook; Julie Bowen; Curtis Armstrong; John Michael Higgins
* 
> Stolen (2012-09-06)
Nicolas Cage; Josh Lucas; Danny Huston; Sami Gayle; Malin Åkerman
* 
> Cadillac Man (1990-05-18)
Robin Williams; Tim Robbins; Pamela Reed; Fran Drescher; Zack Norman
* 
> Nobody's Fool (2018-10-31)
Tiffany Haddish; Tika Sumpter; Omari Hardwick; Whoopi Goldberg; Missi Pyle
* 
> New Nightmare (1994-10-13)
Heather Langenkamp; Robert Englund; Miko Hughes; Wes Craven; David Newsom
* 
> Scream 2 (1997-12-09)
Neve Campbell; Courteney Cox; David Arquette; Jerry O'Connell; Timothy Olyphant
* 
> Mission: Impossible II (2000-05-24)
Tom Cruise; Dougray Scott; Thandiwe Newton; Ving Rhames; Richard Roxburgh
* 
> The Physician (2013-12-25)
Tom Payne; Ben Kingsley; Stellan Skarsgård; Olivier Martinez; Emma Rigby
* 
> Winter's Tale (2014-02-13)
Colin Farrell; Jessica Brown Findlay; Russell Crowe; William Hurt; Jennifer Connelly
* You really are a movie maniac, here just take this damn flag!
flag{f404a3c065a0bff9da8aedebd40d415b}

movies to complete challenge:30